<?xml version="1.0" encoding="UTF-8"?>
<!-- Generated by org.testng.reporters.JUnitXMLReporter -->
<testsuite ignored="4" hostname="MBOZDEMIR-NB" failures="1" tests="4" name="Personal Loan" time="0.065" errors="0" timestamp="2024-02-12T02:48:56 TRT">
  <testcase classname="test.day3" name="WebLoginCarLoan" time="0.004"/>
  <testcase classname="test.day2" name="Demo" time="0.001"/>
  <testcase classname="test.day1" name="Demo" time="0.009">
    <failure type="java.lang.AssertionError" message="expected [true] but found [false]">
      <![CDATA[java.lang.AssertionError: expected [true] but found [false]
at test.day1.Demo(day1.java:12)
at java.base/java.util.ArrayList.forEach(ArrayList.java:1511)
... Removed 31 stack frames]]>
    </failure>
  </testcase> <!-- Demo -->
  <testcase classname="test.day1" name="SecondTest" time="0.0"/>
  <testcase classname="test.day3" name="MobileLogOutCarLoan" time="0.0">
    <ignored/>
  </testcase> <!-- MobileLogOutCarLoan -->
  <testcase classname="test.day3" name="LoginAPICarLoan" time="0.0">
    <ignored/>
  </testcase> <!-- LoginAPICarLoan -->
  <testcase classname="test.day3" name="LogoutAPICarLoan" time="0.0">
    <ignored/>
  </testcase> <!-- LogoutAPICarLoan -->
  <testcase classname="test.day3" name="MobileLoginCarLoan" time="0.0">
    <ignored/>
  </testcase> <!-- MobileLoginCarLoan -->
</testsuite> <!-- Personal Loan -->
